<?xml version="1.0" encoding="UTF-8"?>
<!-- Generated by org.testng.reporters.JUnitReportReporter -->
<testsuite hostname="DESKTOP-TKJE3OB" failures="0" tests="1" name="com.listenerss.qa.test.WebDriver_Event_Listeners" time="38.825" errors="0" timestamp="2023-02-19T01:33:27 IST" skipped="0">
  <testcase classname="com.listenerss.qa.test.WebDriver_Event_Listeners" name="test_WebDriver_Event_Listeners" time="38.825"/>
  <system-out/>
</testsuite> <!-- com.listenerss.qa.test.WebDriver_Event_Listeners -->
